Drill report for /home/ec0/Boards/kb/nummacro/nummacro.kicad_pcb
Created on Sun 01 Sep 2019 07:04:43 AEST

Copper Layer Stackup:
    =============================================================
    L1 :  F.Cu                      front
    L2 :  B.Cu                      back


Drill file 'nummacro-PTH.drl' contains
    plated through holes:
    =============================================================
    T1  0.40mm  0.016"  (126 holes)
    T2  0.60mm  0.024"  (4 holes)  (with 4 slots)
    T3  0.90mm  0.035"  (174 holes)
    T4  1.00mm  0.039"  (6 holes)
    T5  1.50mm  0.059"  (174 holes)

    Total plated holes count 484


Drill file 'nummacro-NPTH.drl' contains
    unplated through holes:
    =============================================================
    T1  1.70mm  0.067"  (174 holes)
    T2  3.05mm  0.120"  (10 holes)
    T3  4.00mm  0.157"  (97 holes)

    Total unplated holes count 281
